<?xml version="1.0" encoding="UTF-8"?>
<!-- Generated by org.testng.reporters.JUnitReportReporter -->
<testsuite name="TestNGFiles.DependencyAnnotations" tests="6" time="0.026" ignored="0" failures="0" timestamp="03 Apr 2017 21:23:08 GMT" skipped="0" hostname="LAPTOP-NSBDKA9J" errors="0">
  <testcase name="Password" time="0.003" classname="TestNGFiles.DependencyAnnotations"/>
  <testcase name="Submit" time="0.002" classname="TestNGFiles.DependencyAnnotations"/>
  <testcase name="LastName" time="0.002" classname="TestNGFiles.DependencyAnnotations"/>
  <testcase name="OpeningBrowser" time="0.015" classname="TestNGFiles.DependencyAnnotations"/>
  <testcase name="GmailAddress" time="0.002" classname="TestNGFiles.DependencyAnnotations"/>
  <testcase name="FirstName" time="0.002" classname="TestNGFiles.DependencyAnnotations"/>
</testsuite> <!-- TestNGFiles.DependencyAnnotations -->
