<?xml version="1.0" encoding="UTF-8"?>
<!-- Generated by org.testng.reporters.JUnitReportReporter -->
<testsuite name="TestNGFiles.Annotations" tests="6" time="0.015" ignored="0" failures="0" timestamp="16 Feb 2017 07:07:19 GMT" skipped="0" hostname="LAPTOP-NSBDKA9J" errors="0">
  <testcase name="LastName" time="0.003" classname="TestNGFiles.Annotations"/>
  <testcase name="GmailAddress" time="0.001" classname="TestNGFiles.Annotations"/>
  <testcase name="OpeningBrowser" time="0.002" classname="TestNGFiles.Annotations"/>
  <testcase name="Submit" time="0.001" classname="TestNGFiles.Annotations"/>
  <testcase name="Password" time="0.002" classname="TestNGFiles.Annotations"/>
  <testcase name="FirstName" time="0.006" classname="TestNGFiles.Annotations"/>
</testsuite> <!-- TestNGFiles.Annotations -->
